==22862== Memcheck, a memory error detector
==22862== Copyright (C) 2002-2017, and GNU GPL'd, by Julian Seward et al.
==22862== Using Valgrind-3.14.0 and LibVEX; rerun with -h for copyright info
==22862== Command: ./case4
==22862== Parent PID: 7422
==22862== 
==22862== 
==22862== HEAP SUMMARY:
==22862==     in use at exit: 1,040 bytes in 65 blocks
==22862==   total heap usage: 96 allocs, 31 frees, 11,776 bytes allocated
==22862== 
==22862== LEAK SUMMARY:
==22862==    definitely lost: 16 bytes in 1 blocks
==22862==    indirectly lost: 1,024 bytes in 64 blocks
==22862==      possibly lost: 0 bytes in 0 blocks
==22862==    still reachable: 0 bytes in 0 blocks
==22862==         suppressed: 0 bytes in 0 blocks
==22862== Rerun with --leak-check=full to see details of leaked memory
==22862== 
==22862== For counts of detected and suppressed errors, rerun with: -v
==22862== ERROR SUMMARY: 0 errors from 0 contexts (suppressed: 0 from 0)
